Load "d:\\keilcode\\PROJECT\\LightMinBoard_MM0010\\Project\\Objects\\MM32F0010_×ª½Ó°å³ÌÐò.axf" 
* JLink Info: Device "CORTEX-M0" selected.
Set JLink Project File to "d:\keilcode\PROJECT\LightMinBoard_MM0010\Project\JLinkSettings.ini"* JLink Info: Device "MM32F0010A1T" selected.
 
JLink info:
------------
DLL: V7.84c, compiled Jan 20 2023 12:20:22
Firmware: J-Link V9 compiled May  7 2021 16:26:12
Hardware: V9.60
S/N : 69609886 
Feature(s) : GDB, RDI, FlashBP, FlashDL, JFlash 
 
* JLink Info: Found SW-DP with ID 0x0BB11477
* JLink Info: DPIDR: 0x0BB11477
* JLink Info: CoreSight SoC-400 or earlier
* JLink Info: Scanning AP map to find all available APs
* JLink Info: AP[1]: Stopped AP scan as end of AP map has been reached
* JLink Info: AP[0]: AHB-AP (IDR: 0x04770021)
* JLink Info: Iterating through AP map to find AHB-AP to use
* JLink Info: AP[0]: Core found
* JLink Info: AP[0]: AHB-AP ROM base: 0xE00FF000
* JLink Info: CPUID register: 0x410CC200. Implementer code: 0x41 (ARM)
* JLink Info: Found Cortex-M0 r0p0, Little endian.
* JLink Info: FPUnit: 4 code (BP) slots and 0 literal slots
* JLink Info: CoreSight components:
* JLink Info: ROMTbl[0] @ E00FF000
* JLink Info: [0][0]: E000E000 CID B105E00D PID 000BB008 SCS
* JLink Info: [0][1]: E0001000 CID B105E00D PID 000BB00A DWT
* JLink Info: [0][2]: E0002000 CID B105E00D PID 000BB00B FPB
* JLink Info: SetupTarget() start
* JLink Info: Check if Flash is protected.
* JLink Info: SetupTarget() end
ROMTableAddr = 0xE00FF000
* JLink Info: Reset: Halt core after reset via DEMCR.VC_CORERESET.
* JLink Info: Reset: Reset device via AIRCR.SYSRESETREQ.
 
Target info:
------------
Device: MM32F0010A1T
VTarget = 3.290V
State of Pins: TCK: 0, TDI: 0, TDO: 0, TMS: 1, TRES: 1, TRST: 0
Hardware-Breakpoints: 4
Software-Breakpoints: 8192
Watchpoints:          2
JTAG speed: 4000 kHz
 
Full Chip Erase Done.Programming Done.Verify OK.* JLink Info: Reset: Halt core after reset via DEMCR.VC_CORERESET.
* JLink Info: Reset: Reset device via AIRCR.SYSRESETREQ.
Application running ...
Flash Load finished at 20:20:43
